[2016-02-18 06:14:35] production.ERROR: ErrorException: file_put_contents(D:\Github\Human3fdev/bootstrap/cache/services.php): failed to open stream: No such file or directory in D:\Github\Human3fdev\vendor\laravel\framework\src\Illuminate\Filesystem\Filesystem.php:81
Stack trace:
#0 [internal function]: Illuminate\Foundation\Bootstrap\HandleExceptions->handleError(2, 'file_put_conten...', 'D:\\Github\\Human...', 81, Array)
#1 D:\Github\Human3fdev\vendor\laravel\framework\src\Illuminate\Filesystem\Filesystem.php(81): file_put_contents('D:\\Github\\Human...', '<?php return ar...', 0)
#2 D:\Github\Human3fdev\vendor\laravel\framework\src\Illuminate\Foundation\ProviderRepository.php(187): Illuminate\Filesystem\Filesystem->put('D:\\Github\\Human...', '<?php return ar...')
#3 D:\Github\Human3fdev\vendor\laravel\framework\src\Illuminate\Foundation\ProviderRepository.php(135): Illuminate\Foundation\ProviderRepository->writeManifest(Array)
#4 D:\Github\Human3fdev\vendor\laravel\framework\src\Illuminate\Foundation\ProviderRepository.php(60): Illuminate\Foundation\ProviderRepository->compileManifest(Array)
#5 D:\Github\Human3fdev\vendor\laravel\framework\src\Illuminate\Foundation\Application.php(507): Illuminate\Foundation\ProviderRepository->load(Array)
#6 D:\Github\Human3fdev\vendor\laravel\framework\src\Illuminate\Foundation\Bootstrap\RegisterProviders.php(17): Illuminate\Foundation\Application->registerConfiguredProviders()
#7 D:\Github\Human3fdev\vendor\laravel\framework\src\Illuminate\Foundation\Application.php(203): Illuminate\Foundation\Bootstrap\RegisterProviders->bootstrap(Object(Illuminate\Foundation\Application))
#8 D:\Github\Human3fdev\vendor\laravel\framework\src\Illuminate\Foundation\Console\Kernel.php(208): Illuminate\Foundation\Application->bootstrapWith(Array)
#9 D:\Github\Human3fdev\vendor\laravel\framework\src\Illuminate\Foundation\Console\Kernel.php(105): Illuminate\Foundation\Console\Kernel->bootstrap()
#10 D:\Github\Human3fdev\artisan(35): Illuminate\Foundation\Console\Kernel->handle(Object(Symfony\Component\Console\Input\ArgvInput), Object(Symfony\Component\Console\Output\ConsoleOutput))
#11 {main}  
[2016-02-18 06:16:09] production.ERROR: ErrorException: file_put_contents(D:\Github\Human3fdev/bootstrap/cache/services.php): failed to open stream: No such file or directory in D:\Github\Human3fdev\vendor\laravel\framework\src\Illuminate\Filesystem\Filesystem.php:81
Stack trace:
#0 [internal function]: Illuminate\Foundation\Bootstrap\HandleExceptions->handleError(2, 'file_put_conten...', 'D:\\Github\\Human...', 81, Array)
#1 D:\Github\Human3fdev\vendor\laravel\framework\src\Illuminate\Filesystem\Filesystem.php(81): file_put_contents('D:\\Github\\Human...', '<?php return ar...', 0)
#2 D:\Github\Human3fdev\vendor\laravel\framework\src\Illuminate\Foundation\ProviderRepository.php(187): Illuminate\Filesystem\Filesystem->put('D:\\Github\\Human...', '<?php return ar...')
#3 D:\Github\Human3fdev\vendor\laravel\framework\src\Illuminate\Foundation\ProviderRepository.php(135): Illuminate\Foundation\ProviderRepository->writeManifest(Array)
#4 D:\Github\Human3fdev\vendor\laravel\framework\src\Illuminate\Foundation\ProviderRepository.php(60): Illuminate\Foundation\ProviderRepository->compileManifest(Array)
#5 D:\Github\Human3fdev\vendor\laravel\framework\src\Illuminate\Foundation\Application.php(507): Illuminate\Foundation\ProviderRepository->load(Array)
#6 D:\Github\Human3fdev\vendor\laravel\framework\src\Illuminate\Foundation\Bootstrap\RegisterProviders.php(17): Illuminate\Foundation\Application->registerConfiguredProviders()
#7 D:\Github\Human3fdev\vendor\laravel\framework\src\Illuminate\Foundation\Application.php(203): Illuminate\Foundation\Bootstrap\RegisterProviders->bootstrap(Object(Illuminate\Foundation\Application))
#8 D:\Github\Human3fdev\vendor\laravel\framework\src\Illuminate\Foundation\Console\Kernel.php(208): Illuminate\Foundation\Application->bootstrapWith(Array)
#9 D:\Github\Human3fdev\vendor\laravel\framework\src\Illuminate\Foundation\Console\Kernel.php(105): Illuminate\Foundation\Console\Kernel->bootstrap()
#10 D:\Github\Human3fdev\artisan(35): Illuminate\Foundation\Console\Kernel->handle(Object(Symfony\Component\Console\Input\ArgvInput), Object(Symfony\Component\Console\Output\ConsoleOutput))
#11 {main}  
[2016-02-18 06:16:34] production.ERROR: ErrorException: file_put_contents(D:\Github\Human3fdev/bootstrap/cache/services.php): failed to open stream: No such file or directory in D:\Github\Human3fdev\vendor\laravel\framework\src\Illuminate\Filesystem\Filesystem.php:81
Stack trace:
#0 [internal function]: Illuminate\Foundation\Bootstrap\HandleExceptions->handleError(2, 'file_put_conten...', 'D:\\Github\\Human...', 81, Array)
#1 D:\Github\Human3fdev\vendor\laravel\framework\src\Illuminate\Filesystem\Filesystem.php(81): file_put_contents('D:\\Github\\Human...', '<?php return ar...', 0)
#2 D:\Github\Human3fdev\vendor\laravel\framework\src\Illuminate\Foundation\ProviderRepository.php(187): Illuminate\Filesystem\Filesystem->put('D:\\Github\\Human...', '<?php return ar...')
#3 D:\Github\Human3fdev\vendor\laravel\framework\src\Illuminate\Foundation\ProviderRepository.php(135): Illuminate\Foundation\ProviderRepository->writeManifest(Array)
#4 D:\Github\Human3fdev\vendor\laravel\framework\src\Illuminate\Foundation\ProviderRepository.php(60): Illuminate\Foundation\ProviderRepository->compileManifest(Array)
#5 D:\Github\Human3fdev\vendor\laravel\framework\src\Illuminate\Foundation\Application.php(507): Illuminate\Foundation\ProviderRepository->load(Array)
#6 D:\Github\Human3fdev\vendor\laravel\framework\src\Illuminate\Foundation\Bootstrap\RegisterProviders.php(17): Illuminate\Foundation\Application->registerConfiguredProviders()
#7 D:\Github\Human3fdev\vendor\laravel\framework\src\Illuminate\Foundation\Application.php(203): Illuminate\Foundation\Bootstrap\RegisterProviders->bootstrap(Object(Illuminate\Foundation\Application))
#8 D:\Github\Human3fdev\vendor\laravel\framework\src\Illuminate\Foundation\Console\Kernel.php(208): Illuminate\Foundation\Application->bootstrapWith(Array)
#9 D:\Github\Human3fdev\vendor\laravel\framework\src\Illuminate\Foundation\Console\Kernel.php(105): Illuminate\Foundation\Console\Kernel->bootstrap()
#10 D:\Github\Human3fdev\artisan(35): Illuminate\Foundation\Console\Kernel->handle(Object(Symfony\Component\Console\Input\ArgvInput), Object(Symfony\Component\Console\Output\ConsoleOutput))
#11 {main}  
[2016-02-18 07:24:26] production.ERROR: ErrorException: file_put_contents(D:\Github\Human3fdev/bootstrap/cache/services.php): failed to open stream: No such file or directory in D:\Github\Human3fdev\vendor\laravel\framework\src\Illuminate\Filesystem\Filesystem.php:81
Stack trace:
#0 [internal function]: Illuminate\Foundation\Bootstrap\HandleExceptions->handleError(2, 'file_put_conten...', 'D:\\Github\\Human...', 81, Array)
#1 D:\Github\Human3fdev\vendor\laravel\framework\src\Illuminate\Filesystem\Filesystem.php(81): file_put_contents('D:\\Github\\Human...', '<?php return ar...', 0)
#2 D:\Github\Human3fdev\vendor\laravel\framework\src\Illuminate\Foundation\ProviderRepository.php(187): Illuminate\Filesystem\Filesystem->put('D:\\Github\\Human...', '<?php return ar...')
#3 D:\Github\Human3fdev\vendor\laravel\framework\src\Illuminate\Foundation\ProviderRepository.php(135): Illuminate\Foundation\ProviderRepository->writeManifest(Array)
#4 D:\Github\Human3fdev\vendor\laravel\framework\src\Illuminate\Foundation\ProviderRepository.php(60): Illuminate\Foundation\ProviderRepository->compileManifest(Array)
#5 D:\Github\Human3fdev\vendor\laravel\framework\src\Illuminate\Foundation\Application.php(507): Illuminate\Foundation\ProviderRepository->load(Array)
#6 D:\Github\Human3fdev\vendor\laravel\framework\src\Illuminate\Foundation\Bootstrap\RegisterProviders.php(17): Illuminate\Foundation\Application->registerConfiguredProviders()
#7 D:\Github\Human3fdev\vendor\laravel\framework\src\Illuminate\Foundation\Application.php(203): Illuminate\Foundation\Bootstrap\RegisterProviders->bootstrap(Object(Illuminate\Foundation\Application))
#8 D:\Github\Human3fdev\vendor\laravel\framework\src\Illuminate\Foundation\Console\Kernel.php(208): Illuminate\Foundation\Application->bootstrapWith(Array)
#9 D:\Github\Human3fdev\vendor\laravel\framework\src\Illuminate\Foundation\Console\Kernel.php(105): Illuminate\Foundation\Console\Kernel->bootstrap()
#10 D:\Github\Human3fdev\artisan(35): Illuminate\Foundation\Console\Kernel->handle(Object(Symfony\Component\Console\Input\ArgvInput), Object(Symfony\Component\Console\Output\ConsoleOutput))
#11 {main}  
